---- 2025-05-03 20:13:52 ----
POST data: Array
(
    [payment_gateway] => paybill
    [environment] => sandbox
    [callback_url] => https://mydomain.com/mpesa_callback.php
    [paybill_number] => 174379
    [paybill_shortcode] => 174379
    [paybill_passkey] => bfb279f9aa9bdbcf158e97dd71a467cd2e0c893059b10f78e6b72ada1ed2c919
    [paybill_consumer_key] => bAoiO0bYMLsAHDgzGSGVMnpSAxSUuCMEfWkrrAOK1MZJNAcA
    [paybill_consumer_secret] => 2idZFLPp26Du8JdF9SB3nLpKrOJO67qDIkvICkkVl7OhADTQCb0Oga5wNgzu1xQx
)

Database connection successful
Required files loaded successfully
Reseller ID: 1
Payment Gateway: paybill
Environment: sandbox
Settings array prepared: Array
(
    [payment_gateway] => paybill
    [environment] => sandbox
    [is_active] => 1
    [callback_url] => https://mydomain.com/mpesa_callback.php
    [paybill_number] => 174379
    [paybill_shortcode] => 174379
    [paybill_passkey] => bfb279f9aa9bdbcf158e97dd71a467cd2e0c893059b10f78e6b72ada1ed2c919
    [paybill_consumer_key] => bAoiO0bYMLsAHDgzGSGVMnpSAxSUuCMEfWkrrAOK1MZJNAcA
    [paybill_consumer_secret] => 2idZFLPp26Du8JdF9SB3nLpKrOJO67qDIkvICkkVl7OhADTQCb0Oga5wNgzu1xQx
    [mpesa_phone] => 
    [till_number] => 
    [till_shortcode] => 
    [till_passkey] => 
    [till_consumer_key] => 
    [till_consumer_secret] => 
)

Attempting to save settings...
---- 2025-05-03 20:14:11 ----
POST data: Array
(
    [payment_gateway] => phone
    [environment] => sandbox
    [callback_url] => https://mydomain.com/mpesa_callback.php
    [mpesa_phone] => 0700000000
)

Database connection successful
Required files loaded successfully
Reseller ID: 1
Payment Gateway: phone
Environment: sandbox
Settings array prepared: Array
(
    [payment_gateway] => phone
    [environment] => sandbox
    [is_active] => 1
    [callback_url] => https://mydomain.com/mpesa_callback.php
    [mpesa_phone] => 0700000000
    [paybill_number] => 174379
    [paybill_shortcode] => 174379
    [paybill_passkey] => bfb279f9aa9bdbcf158e97dd71a467cd2e0c893059b10f78e6b72ada1ed2c919
    [paybill_consumer_key] => bAoiO0bYMLsAHDgzGSGVMnpSAxSUuCMEfWkrrAOK1MZJNAcA
    [paybill_consumer_secret] => 2idZFLPp26Du8JdF9SB3nLpKrOJO67qDIkvICkkVl7OhADTQCb0Oga5wNgzu1xQx
    [till_number] => 
    [till_shortcode] => 
    [till_passkey] => 
    [till_consumer_key] => 
    [till_consumer_secret] => 
)

Attempting to save settings...
---- 2025-05-03 20:15:19 ----
POST data: Array
(
    [payment_gateway] => phone
    [environment] => sandbox
    [callback_url] => https://mydomain.com/mpesa_callback.php
    [mpesa_phone] => 0700000000
)

Database connection successful
Required files loaded successfully
Reseller ID: 1
Payment Gateway: phone
Environment: sandbox
Settings array prepared: Array
(
    [payment_gateway] => phone
    [environment] => sandbox
    [is_active] => 1
    [callback_url] => https://mydomain.com/mpesa_callback.php
    [mpesa_phone] => 0700000000
    [paybill_number] => 174379
    [paybill_shortcode] => 174379
    [paybill_passkey] => bfb279f9aa9bdbcf158e97dd71a467cd2e0c893059b10f78e6b72ada1ed2c919
    [paybill_consumer_key] => bAoiO0bYMLsAHDgzGSGVMnpSAxSUuCMEfWkrrAOK1MZJNAcA
    [paybill_consumer_secret] => 2idZFLPp26Du8JdF9SB3nLpKrOJO67qDIkvICkkVl7OhADTQCb0Oga5wNgzu1xQx
    [till_number] => 
    [till_shortcode] => 
    [till_passkey] => 
    [till_consumer_key] => 
    [till_consumer_secret] => 
)

Attempting to save settings...
---- 2025-05-03 20:16:42 ----
POST data: Array
(
    [payment_gateway] => phone
    [environment] => sandbox
    [callback_url] => https://mydomain.com/mpesa_callback.php
    [mpesa_phone] => 0700000000
)

Database connection successful
Required files loaded successfully
Reseller ID: 1
Payment Gateway: phone
Environment: sandbox
Settings array prepared: Array
(
    [payment_gateway] => phone
    [environment] => sandbox
    [is_active] => 1
    [callback_url] => https://mydomain.com/mpesa_callback.php
    [mpesa_phone] => 0700000000
    [paybill_number] => 174379
    [paybill_shortcode] => 174379
    [paybill_passkey] => bfb279f9aa9bdbcf158e97dd71a467cd2e0c893059b10f78e6b72ada1ed2c919
    [paybill_consumer_key] => bAoiO0bYMLsAHDgzGSGVMnpSAxSUuCMEfWkrrAOK1MZJNAcA
    [paybill_consumer_secret] => 2idZFLPp26Du8JdF9SB3nLpKrOJO67qDIkvICkkVl7OhADTQCb0Oga5wNgzu1xQx
    [till_number] => 
    [till_shortcode] => 
    [till_passkey] => 
    [till_consumer_key] => 
    [till_consumer_secret] => 
)

Attempting to save settings...
