[2025-10-03 12:51:03] === PAYMENT COMPLETION SIMULATION STARTED ===
[2025-10-03 12:51:03] Checkout Request ID: ws_CO_03102025125103476922
[2025-10-03 12:51:03] Transaction found: ID=24, Status=pending
[2025-10-03 12:51:03] Transaction updated to completed successfully
[2025-10-03 12:51:03] M-Pesa Receipt: SIM2C547F03
[2025-10-03 12:51:34] === PAYMENT COMPLETION SIMULATION STARTED ===
[2025-10-03 12:51:34] Checkout Request ID: ws_CO_03102025125134485095
[2025-10-03 12:51:34] Transaction found: ID=25, Status=pending
[2025-10-03 12:51:34] Transaction updated to completed successfully
[2025-10-03 12:51:34] M-Pesa Receipt: SIM02701B13
[2025-10-03 12:51:41] === PAYMENT COMPLETION SIMULATION STARTED ===
[2025-10-03 12:51:41] Checkout Request ID: ws_CO_03102025125141779435
[2025-10-03 12:51:41] Transaction found: ID=26, Status=pending
[2025-10-03 12:51:41] Transaction updated to completed successfully
[2025-10-03 12:51:41] M-Pesa Receipt: SIM91F17EA7
[2025-10-03 12:51:47] === PAYMENT COMPLETION SIMULATION STARTED ===
[2025-10-03 12:51:47] Checkout Request ID: ws_CO_03102025125146252562
[2025-10-03 12:51:47] Transaction found: ID=27, Status=pending
[2025-10-03 12:51:47] Transaction updated to completed successfully
[2025-10-03 12:51:47] M-Pesa Receipt: SIMC76B1491
[2025-10-03 12:51:49] === PAYMENT COMPLETION SIMULATION STARTED ===
[2025-10-03 12:51:49] Checkout Request ID: ws_CO_03102025125149874563
[2025-10-03 12:51:49] Transaction found: ID=28, Status=pending
[2025-10-03 12:51:49] Transaction updated to completed successfully
[2025-10-03 12:51:49] M-Pesa Receipt: SIME02E6CFE
[2025-10-03 12:51:50] === PAYMENT COMPLETION SIMULATION STARTED ===
[2025-10-03 12:51:50] Checkout Request ID: ws_CO_03102025125150791564
[2025-10-03 12:51:50] Transaction found: ID=29, Status=pending
[2025-10-03 12:51:50] Transaction updated to completed successfully
[2025-10-03 12:51:50] M-Pesa Receipt: SIMB322211E
[2025-10-03 12:51:50] === PAYMENT COMPLETION SIMULATION STARTED ===
[2025-10-03 12:51:50] Checkout Request ID: ws_CO_03102025125150502077
[2025-10-03 12:51:50] Transaction found: ID=30, Status=pending
[2025-10-03 12:51:50] Transaction updated to completed successfully
[2025-10-03 12:51:50] M-Pesa Receipt: SIM48253B5A
[2025-10-03 12:53:07] === PAYMENT COMPLETION SIMULATION STARTED ===
[2025-10-03 12:53:07] Checkout Request ID: ws_CO_03102025125307308069
[2025-10-03 12:53:07] Transaction found: ID=31, Status=pending
[2025-10-03 12:53:07] Transaction updated to completed successfully
[2025-10-03 12:53:07] M-Pesa Receipt: SIMD01C70CD
[2025-10-03 14:20:49] === PAYMENT COMPLETION SIMULATION STARTED ===
[2025-10-03 14:20:49] Checkout Request ID: ws_CO_03102025142049790605
[2025-10-03 14:20:49] Transaction found: ID=33, Status=pending
[2025-10-03 14:20:49] Transaction updated to completed successfully
[2025-10-03 14:20:49] M-Pesa Receipt: SIM6A0D7508
[2025-10-03 14:38:26] === PAYMENT COMPLETION SIMULATION STARTED ===
[2025-10-03 14:38:26] Checkout Request ID: ws_CO_03102025143826705330
[2025-10-03 14:38:26] Transaction found: ID=34, Status=pending
[2025-10-03 14:38:26] Transaction updated to completed successfully
[2025-10-03 14:38:26] M-Pesa Receipt: SIMA53565E5
[2025-10-03 15:50:58] === PAYMENT COMPLETION SIMULATION STARTED ===
[2025-10-03 15:50:58] Checkout Request ID: ws_CO_03102025155058813628
[2025-10-03 15:50:58] Transaction found: ID=35, Status=pending
[2025-10-03 15:50:58] Transaction updated to completed successfully
[2025-10-03 15:50:58] M-Pesa Receipt: SIME8F29633
[2025-10-03 15:56:36] === PAYMENT COMPLETION SIMULATION STARTED ===
[2025-10-03 15:56:36] Checkout Request ID: ws_CO_03102025155636703229
[2025-10-03 15:56:36] Transaction found: ID=38, Status=pending
[2025-10-03 15:56:36] Transaction updated to completed successfully
[2025-10-03 15:56:36] M-Pesa Receipt: SIM8DE0A8FA
[2025-10-03 15:56:51] === PAYMENT COMPLETION SIMULATION STARTED ===
[2025-10-03 15:56:51] Checkout Request ID: ws_CO_03102025155651265824
[2025-10-03 15:56:51] Transaction found: ID=39, Status=pending
[2025-10-03 15:56:51] Transaction updated to completed successfully
[2025-10-03 15:56:51] M-Pesa Receipt: SIM83B8F35C
[2025-10-03 15:56:58] === PAYMENT COMPLETION SIMULATION STARTED ===
[2025-10-03 15:56:58] Checkout Request ID: ws_CO_03102025155658583700
[2025-10-03 15:56:58] Transaction found: ID=40, Status=pending
[2025-10-03 15:56:58] Transaction updated to completed successfully
[2025-10-03 15:56:58] M-Pesa Receipt: SIM5EE15005
[2025-10-03 15:57:10] === PAYMENT COMPLETION SIMULATION STARTED ===
[2025-10-03 15:57:10] Checkout Request ID: ws_CO_03102025155710908350
[2025-10-03 15:57:10] Transaction found: ID=41, Status=pending
[2025-10-03 15:57:10] Transaction updated to completed successfully
[2025-10-03 15:57:10] M-Pesa Receipt: SIM0E04B064
[2025-10-03 15:57:13] === PAYMENT COMPLETION SIMULATION STARTED ===
[2025-10-03 15:57:13] Checkout Request ID: ws_CO_03102025155713950139
[2025-10-03 15:57:13] Transaction found: ID=42, Status=pending
[2025-10-03 15:57:13] Transaction updated to completed successfully
[2025-10-03 15:57:13] M-Pesa Receipt: SIM6500DC05
[2025-10-03 15:57:20] === PAYMENT COMPLETION SIMULATION STARTED ===
[2025-10-03 15:57:20] Checkout Request ID: ws_CO_03102025155720838470
[2025-10-03 15:57:20] Transaction found: ID=43, Status=pending
[2025-10-03 15:57:20] Transaction updated to completed successfully
[2025-10-03 15:57:20] M-Pesa Receipt: SIM0E59CFCD
[2025-10-03 15:57:28] === PAYMENT COMPLETION SIMULATION STARTED ===
[2025-10-03 15:57:28] Checkout Request ID: ws_CO_03102025155728351642
[2025-10-03 15:57:28] Transaction found: ID=44, Status=pending
[2025-10-03 15:57:28] Transaction updated to completed successfully
[2025-10-03 15:57:28] M-Pesa Receipt: SIM9B3CD8F5
[2025-10-03 15:57:32] === PAYMENT COMPLETION SIMULATION STARTED ===
[2025-10-03 15:57:32] Checkout Request ID: ws_CO_03102025155732125450
[2025-10-03 15:57:32] Transaction found: ID=45, Status=pending
[2025-10-03 15:57:32] Transaction updated to completed successfully
[2025-10-03 15:57:32] M-Pesa Receipt: SIM2D0641F4
[2025-10-03 15:57:36] === PAYMENT COMPLETION SIMULATION STARTED ===
[2025-10-03 15:57:36] Checkout Request ID: ws_CO_03102025155736739391
[2025-10-03 15:57:36] Transaction found: ID=46, Status=pending
[2025-10-03 15:57:36] Transaction updated to completed successfully
[2025-10-03 15:57:36] M-Pesa Receipt: SIM554EF246
[2025-10-03 15:58:50] === PAYMENT COMPLETION SIMULATION STARTED ===
[2025-10-03 15:58:50] Checkout Request ID: ws_CO_03102025155850628736
[2025-10-03 15:58:50] Transaction found: ID=47, Status=pending
[2025-10-03 15:58:50] Transaction updated to completed successfully
[2025-10-03 15:58:50] M-Pesa Receipt: SIMAAE482AF
[2025-10-03 15:58:52] === PAYMENT COMPLETION SIMULATION STARTED ===
[2025-10-03 15:58:52] Checkout Request ID: ws_CO_03102025155852787807
[2025-10-03 15:58:52] Transaction found: ID=48, Status=pending
[2025-10-03 15:58:52] Transaction updated to completed successfully
[2025-10-03 15:58:52] M-Pesa Receipt: SIM7A067E6E
[2025-10-03 15:58:58] === PAYMENT COMPLETION SIMULATION STARTED ===
[2025-10-03 15:58:58] Checkout Request ID: ws_CO_03102025155858624159
[2025-10-03 15:58:58] Transaction found: ID=49, Status=pending
[2025-10-03 15:58:58] Transaction updated to completed successfully
[2025-10-03 15:58:58] M-Pesa Receipt: SIMB07D3CBA
[2025-10-03 15:59:02] === PAYMENT COMPLETION SIMULATION STARTED ===
[2025-10-03 15:59:02] Checkout Request ID: ws_CO_03102025155902401083
[2025-10-03 15:59:02] Transaction found: ID=50, Status=pending
[2025-10-03 15:59:02] Transaction updated to completed successfully
[2025-10-03 15:59:02] M-Pesa Receipt: SIM53F2E3ED
[2025-10-03 15:59:04] === PAYMENT COMPLETION SIMULATION STARTED ===
[2025-10-03 15:59:04] Checkout Request ID: ws_CO_03102025155904669574
[2025-10-03 15:59:04] Transaction found: ID=51, Status=pending
[2025-10-03 15:59:04] Transaction updated to completed successfully
[2025-10-03 15:59:04] M-Pesa Receipt: SIM59A33AE8
[2025-10-03 15:59:07] === PAYMENT COMPLETION SIMULATION STARTED ===
[2025-10-03 15:59:07] Checkout Request ID: ws_CO_03102025155907987449
[2025-10-03 15:59:07] Transaction found: ID=52, Status=pending
[2025-10-03 15:59:07] Transaction updated to completed successfully
[2025-10-03 15:59:07] M-Pesa Receipt: SIMCF9C0A7E
[2025-10-03 15:59:10] === PAYMENT COMPLETION SIMULATION STARTED ===
[2025-10-03 15:59:10] Checkout Request ID: ws_CO_03102025155910440576
[2025-10-03 15:59:10] Transaction found: ID=53, Status=pending
[2025-10-03 15:59:10] Transaction updated to completed successfully
[2025-10-03 15:59:10] M-Pesa Receipt: SIMBA6C01FC
[2025-10-03 15:59:13] === PAYMENT COMPLETION SIMULATION STARTED ===
[2025-10-03 15:59:13] Checkout Request ID: ws_CO_03102025155913150541
[2025-10-03 15:59:13] Transaction found: ID=54, Status=pending
[2025-10-03 15:59:13] Transaction updated to completed successfully
[2025-10-03 15:59:13] M-Pesa Receipt: SIME6480B4E
[2025-10-03 15:59:17] === PAYMENT COMPLETION SIMULATION STARTED ===
[2025-10-03 15:59:17] Checkout Request ID: ws_CO_03102025155917717529
[2025-10-03 15:59:17] Transaction found: ID=55, Status=pending
[2025-10-03 15:59:17] Transaction updated to completed successfully
[2025-10-03 15:59:17] M-Pesa Receipt: SIM5842BCB4
[2025-10-03 15:59:20] === PAYMENT COMPLETION SIMULATION STARTED ===
[2025-10-03 15:59:20] Checkout Request ID: ws_CO_03102025155920945790
[2025-10-03 15:59:20] Transaction found: ID=56, Status=pending
[2025-10-03 15:59:20] Transaction updated to completed successfully
[2025-10-03 15:59:20] M-Pesa Receipt: SIM67351613
[2025-10-03 15:59:21] === PAYMENT COMPLETION SIMULATION STARTED ===
[2025-10-03 15:59:21] Checkout Request ID: ws_CO_03102025155921136938
[2025-10-03 15:59:21] Transaction found: ID=57, Status=pending
[2025-10-03 15:59:21] Transaction updated to completed successfully
[2025-10-03 15:59:21] M-Pesa Receipt: SIM24AF4E33
[2025-10-03 15:59:22] === PAYMENT COMPLETION SIMULATION STARTED ===
[2025-10-03 15:59:22] Checkout Request ID: ws_CO_03102025155922786400
[2025-10-03 15:59:22] Transaction found: ID=58, Status=pending
[2025-10-03 15:59:22] Transaction updated to completed successfully
[2025-10-03 15:59:22] M-Pesa Receipt: SIMC139B722
[2025-10-03 15:59:23] === PAYMENT COMPLETION SIMULATION STARTED ===
[2025-10-03 15:59:23] Checkout Request ID: ws_CO_03102025155923638180
[2025-10-03 15:59:23] Transaction found: ID=59, Status=pending
[2025-10-03 15:59:23] Transaction updated to completed successfully
[2025-10-03 15:59:23] M-Pesa Receipt: SIMF0FAC5CC
[2025-10-03 15:59:24] === PAYMENT COMPLETION SIMULATION STARTED ===
[2025-10-03 15:59:24] Checkout Request ID: ws_CO_03102025155924994219
[2025-10-03 15:59:24] Transaction found: ID=60, Status=pending
[2025-10-03 15:59:24] Transaction updated to completed successfully
[2025-10-03 15:59:24] M-Pesa Receipt: SIMFDA822A6
[2025-10-03 15:59:47] === PAYMENT COMPLETION SIMULATION STARTED ===
[2025-10-03 15:59:47] Checkout Request ID: ws_CO_03102025155947619906
[2025-10-03 15:59:47] Transaction found: ID=61, Status=pending
[2025-10-03 15:59:47] Transaction updated to completed successfully
[2025-10-03 15:59:47] M-Pesa Receipt: SIM05CD5D17
[2025-10-03 15:59:49] === PAYMENT COMPLETION SIMULATION STARTED ===
[2025-10-03 15:59:49] Checkout Request ID: ws_CO_03102025155949490863
[2025-10-03 15:59:49] Transaction found: ID=62, Status=pending
[2025-10-03 15:59:49] Transaction updated to completed successfully
[2025-10-03 15:59:49] M-Pesa Receipt: SIMDEC68854
[2025-10-03 15:59:52] === PAYMENT COMPLETION SIMULATION STARTED ===
[2025-10-03 15:59:52] Checkout Request ID: ws_CO_03102025155952927673
[2025-10-03 15:59:52] Transaction found: ID=63, Status=pending
[2025-10-03 15:59:52] Transaction updated to completed successfully
[2025-10-03 15:59:52] M-Pesa Receipt: SIMF40E5833
[2025-10-03 15:59:54] === PAYMENT COMPLETION SIMULATION STARTED ===
[2025-10-03 15:59:54] Checkout Request ID: ws_CO_03102025155954289844
[2025-10-03 15:59:54] Transaction found: ID=64, Status=pending
[2025-10-03 15:59:54] Transaction updated to completed successfully
[2025-10-03 15:59:54] M-Pesa Receipt: SIM220499EA
[2025-10-03 15:59:56] === PAYMENT COMPLETION SIMULATION STARTED ===
[2025-10-03 15:59:56] Checkout Request ID: ws_CO_03102025155956825155
[2025-10-03 15:59:56] Transaction found: ID=65, Status=pending
[2025-10-03 15:59:56] Transaction updated to completed successfully
[2025-10-03 15:59:56] M-Pesa Receipt: SIM5C445AB2
[2025-10-03 15:59:59] === PAYMENT COMPLETION SIMULATION STARTED ===
[2025-10-03 15:59:59] Checkout Request ID: ws_CO_03102025155959864262
[2025-10-03 15:59:59] Transaction found: ID=66, Status=pending
[2025-10-03 15:59:59] Transaction updated to completed successfully
[2025-10-03 15:59:59] M-Pesa Receipt: SIMF3FD0D9A
[2025-10-03 16:00:01] === PAYMENT COMPLETION SIMULATION STARTED ===
[2025-10-03 16:00:01] Checkout Request ID: ws_CO_03102025160001926622
[2025-10-03 16:00:01] Transaction found: ID=67, Status=pending
[2025-10-03 16:00:01] Transaction updated to completed successfully
[2025-10-03 16:00:01] M-Pesa Receipt: SIM9F759517
[2025-10-03 16:00:04] === PAYMENT COMPLETION SIMULATION STARTED ===
[2025-10-03 16:00:04] Checkout Request ID: ws_CO_03102025160004748426
[2025-10-03 16:00:04] Transaction found: ID=68, Status=pending
[2025-10-03 16:00:04] Transaction updated to completed successfully
[2025-10-03 16:00:04] M-Pesa Receipt: SIMDAD6BA31
[2025-10-03 16:00:06] === PAYMENT COMPLETION SIMULATION STARTED ===
[2025-10-03 16:00:06] Checkout Request ID: ws_CO_03102025160006378176
[2025-10-03 16:00:06] Transaction found: ID=69, Status=pending
[2025-10-03 16:00:06] Transaction updated to completed successfully
[2025-10-03 16:00:06] M-Pesa Receipt: SIMC0241603
[2025-10-03 16:00:08] === PAYMENT COMPLETION SIMULATION STARTED ===
[2025-10-03 16:00:08] Checkout Request ID: ws_CO_03102025160008971860
[2025-10-03 16:00:08] Transaction found: ID=70, Status=pending
[2025-10-03 16:00:08] Transaction updated to completed successfully
[2025-10-03 16:00:08] M-Pesa Receipt: SIM71B86CE9
[2025-10-03 16:00:11] === PAYMENT COMPLETION SIMULATION STARTED ===
[2025-10-03 16:00:11] Checkout Request ID: ws_CO_03102025160011172596
[2025-10-03 16:00:11] Transaction found: ID=71, Status=pending
[2025-10-03 16:00:11] Transaction updated to completed successfully
[2025-10-03 16:00:11] M-Pesa Receipt: SIMBBB3B89F
[2025-10-03 16:00:14] === PAYMENT COMPLETION SIMULATION STARTED ===
[2025-10-03 16:00:14] Checkout Request ID: ws_CO_03102025160014143782
[2025-10-03 16:00:14] Transaction found: ID=72, Status=pending
[2025-10-03 16:00:14] Transaction updated to completed successfully
[2025-10-03 16:00:14] M-Pesa Receipt: SIM564D13CF
